<?xml version="1.0" encoding="UTF-8"?>
<testsuite xmlns:xsi="http://www.w3.org/2001/XMLSchema-instance" xsi:noNamespaceSchemaLocation="https://maven.apache.org/surefire/maven-surefire-plugin/xsd/surefire-test-report.xsd" version="3.0.2" name="com.cognizant.mockito.PaymentServiceTest" time="2.036" tests="2" errors="0" skipped="0" failures="0">
  <properties>
[...]
</properties>
  <testcase name="testPaymentVerification" classname="com.cognizant.mockito.PaymentServiceTest" time="1.909"/>
  <testcase name="testSuccessfulPayment" classname="com.cognizant.mockito.PaymentServiceTest" time="0.0"/>
</testsuite>